<?xml version="1.0" encoding="UTF-8"?>
<testng-results skipped="0" failed="0" ignored="0" total="1" passed="1">
  <reporter-output>
  </reporter-output>
  <suite name="Default suite" duration-ms="1069" started-at="2020-05-05T13:17:49Z" finished-at="2020-05-05T13:17:50Z">
    <groups>
    </groups>
    <test name="Default test" duration-ms="1069" started-at="2020-05-05T13:17:49Z" finished-at="2020-05-05T13:17:50Z">
      <class name="com.qa.API.tests.PostAPITest">
        <test-method status="PASS" signature="setUp()[pri:0, instance:com.qa.API.tests.PostAPITest@568bf312]" name="setUp" is-config="true" duration-ms="6" started-at="2020-05-05T13:17:49Z" finished-at="2020-05-05T13:17:49Z">
          <reporter-output>
          </reporter-output>
        </test-method> <!-- setUp -->
        <test-method status="PASS" signature="postAPITest()[pri:0, instance:com.qa.API.tests.PostAPITest@568bf312]" name="postAPITest" duration-ms="1039" started-at="2020-05-05T13:17:49Z" finished-at="2020-05-05T13:17:50Z">
          <reporter-output>
          </reporter-output>
        </test-method> <!-- postAPITest -->
      </class> <!-- com.qa.API.tests.PostAPITest -->
    </test> <!-- Default test -->
  </suite> <!-- Default suite -->
</testng-results>
